{"level":"info","message":"Database connected!!","timestamp":"2019-04-04T18:19:47.528Z"}
{"level":"info","message":"Database connected!!","timestamp":"2019-04-04T18:22:34.165Z"}
{"level":"info","message":"server is running @loacalhost: 3000","timestamp":"2019-04-04T18:23:05.101Z"}
{"level":"info","message":"Database connected!!","timestamp":"2019-04-04T18:23:06.161Z"}
{"level":"info","message":"aditya","timestamp":"2019-04-04T18:23:35.889Z"}
{"level":"info","message":"server is running @loacalhost: 3000","timestamp":"2019-04-04T18:24:24.493Z"}
{"level":"info","message":"Database connected!!","timestamp":"2019-04-04T18:24:25.552Z"}
{"level":"info","message":"server is running @loacalhost: 3000","timestamp":"2019-04-04T18:26:05.157Z"}
{"level":"info","message":"Database connected!!","timestamp":"2019-04-04T18:26:06.221Z"}
{"level":"info","message":"server is running @loacalhost: 3000","timestamp":"2019-04-04T18:27:42.042Z"}
{"level":"error","message":"failed to connect to server [localhost:2000] on first connect [MongoNetworkError: connect ECONNREFUSED 127.0.0.1:2000]","timestamp":"2019-04-04T18:27:44.066Z"}
{"level":"info","message":"server is running @loacalhost: 3000","timestamp":"2019-04-04T18:28:10.537Z"}
{"level":"info","message":"Database connected!!","timestamp":"2019-04-04T18:28:11.597Z"}
{"level":"info","message":"server is running @loacalhost: 3000","timestamp":"2019-04-04T18:28:20.043Z"}
{"level":"info","message":"Database connected!!","timestamp":"2019-04-04T18:28:21.117Z"}
{"level":"info","message":"server is running @loacalhost: 3000","timestamp":"2019-04-04T18:28:51.098Z"}
{"level":"info","message":"Database connected!!","timestamp":"2019-04-04T18:28:52.155Z"}
{"level":"info","message":"server is running @loacalhost: 3000","timestamp":"2019-04-04T18:29:14.334Z"}
{"level":"info","message":"Database connected!!","timestamp":"2019-04-04T18:29:15.377Z"}
{"level":"info","message":"server is running @loacalhost: 3000","timestamp":"2019-04-04T18:29:18.265Z"}
{"level":"info","message":"Database connected!!","timestamp":"2019-04-04T18:29:19.331Z"}
{"level":"info","message":"a","timestamp":"2019-04-04T18:55:52.123Z"}
{"level":"info","message":"a","timestamp":"2019-04-04T18:55:54.446Z"}
{"$__":{"strictMode":true,"getters":{},"_id":{"_bsontype":"ObjectID","id":{"0":92,"1":166,"2":83,"3":65,"4":3,"5":34,"6":142,"7":5,"8":220,"9":162,"10":127,"11":249}},"wasPopulated":false,"activePaths":{"paths":{"p_imp":"modify","_id":"default","fname":"modify","p_title":"modify","p_body":"modify"},"states":{"ignore":{},"default":{"_id":true},"init":{},"modify":{"fname":true,"p_title":true,"p_body":true,"p_imp":true},"require":{}},"stateNames":["require","modify","init","default","ignore"]},"pathsToScopes":{"p_imp":{"$ref":"$"}},"cachedRequired":{},"session":null,"emitter":{"_events":{},"_eventsCount":0,"_maxListeners":0},"$options":{}},"isNew":true,"_doc":{"p_imp":[],"_id":{"$ref":"$[\"$__\"][\"_id\"]"},"fname":"a","p_title":"tethe","p_body":"yiky"},"level":"info","message":"","timestamp":"2019-04-04T18:56:01.045Z"}
{"level":"info","message":"everything fine.","timestamp":"2019-04-04T18:56:01.076Z"}
{"level":"info","message":"a","timestamp":"2019-04-04T18:56:02.961Z"}
{"level":"info","message":"a","timestamp":"2019-04-04T18:56:14.003Z"}
{"level":"info","message":"a","timestamp":"2019-04-04T18:56:17.830Z"}
{"level":"info","message":"a","timestamp":"2019-04-04T18:56:18.488Z"}
{"level":"info","message":"a","timestamp":"2019-04-04T18:56:31.440Z"}
{"level":"info","message":"a","timestamp":"2019-04-04T18:56:38.747Z"}
{"level":"info","message":"a","timestamp":"2019-04-04T18:56:38.986Z"}
{"level":"info","message":"a","timestamp":"2019-04-04T19:10:02.878Z"}
{"level":"info","message":"a","timestamp":"2019-04-04T19:10:14.692Z"}
{"level":"info","message":"a","timestamp":"2019-04-04T19:10:16.910Z"}
{"level":"info","message":"a","timestamp":"2019-04-04T19:10:20.694Z"}
{"level":"info","message":"a","timestamp":"2019-04-04T19:10:21.407Z"}
{"level":"info","message":"a","timestamp":"2019-04-04T19:10:50.532Z"}
{"level":"info","message":"a","timestamp":"2019-04-04T19:10:52.953Z"}
{"level":"info","message":"a","timestamp":"2019-04-04T19:10:56.759Z"}
{"level":"info","message":"a","timestamp":"2019-04-04T19:10:58.878Z"}
{"level":"info","message":"a","timestamp":"2019-04-04T19:11:06.038Z"}
{"level":"info","message":"a","timestamp":"2019-04-04T19:11:23.366Z"}
{"level":"info","message":"a","timestamp":"2019-04-04T19:11:29.347Z"}
{"level":"info","message":"a","timestamp":"2019-04-04T19:11:32.812Z"}
{"level":"info","message":"a","timestamp":"2019-04-04T19:11:41.166Z"}
{"level":"info","message":"a","timestamp":"2019-04-04T19:11:52.173Z"}
{"level":"info","message":"a","timestamp":"2019-04-04T19:12:19.345Z"}
{"level":"info","message":"a","timestamp":"2019-04-04T19:12:19.861Z"}
{"level":"info","message":"a","timestamp":"2019-04-04T19:12:28.872Z"}
{"level":"info","message":"a","timestamp":"2019-04-04T19:12:29.300Z"}
{"level":"info","message":"a","timestamp":"2019-04-04T19:12:32.294Z"}
{"level":"info","message":"a","timestamp":"2019-04-04T19:12:44.717Z"}
{"level":"info","message":"a","timestamp":"2019-04-04T19:12:45.086Z"}
{"level":"info","message":"a","timestamp":"2019-04-04T19:12:47.722Z"}
{"level":"info","message":"a","timestamp":"2019-04-04T19:12:54.714Z"}
{"level":"info","message":"a","timestamp":"2019-04-04T19:13:09.430Z"}
{"level":"info","message":"a","timestamp":"2019-04-04T19:13:09.801Z"}
{"level":"info","message":"a","timestamp":"2019-04-04T19:13:13.440Z"}
{"level":"info","message":"a","timestamp":"2019-04-04T19:13:44.135Z"}
{"level":"info","message":"a","timestamp":"2019-04-04T19:13:45.468Z"}
{"level":"info","message":"a","timestamp":"2019-04-04T19:14:18.274Z"}
{"level":"info","message":"a","timestamp":"2019-04-04T19:14:38.574Z"}
{"level":"info","message":"a","timestamp":"2019-04-04T19:14:50.916Z"}
{"level":"info","message":"a","timestamp":"2019-04-04T19:15:31.376Z"}
{"level":"info","message":"a","timestamp":"2019-04-04T19:15:36.946Z"}
{"level":"info","message":"a","timestamp":"2019-04-04T19:15:47.483Z"}
{"level":"info","message":"a","timestamp":"2019-04-04T19:15:55.078Z"}
{"level":"info","message":"a","timestamp":"2019-04-04T19:16:05.378Z"}
{"level":"info","message":"a","timestamp":"2019-04-04T19:16:06.948Z"}
{"level":"info","message":"a","timestamp":"2019-04-04T19:16:14.070Z"}
{"level":"info","message":"a","timestamp":"2019-04-04T19:16:20.335Z"}
{"level":"info","message":"a","timestamp":"2019-04-04T19:17:04.800Z"}
{"level":"info","message":"a","timestamp":"2019-04-04T19:17:10.889Z"}
{"level":"info","message":"a","timestamp":"2019-04-04T19:17:14.609Z"}
{"level":"info","message":"a","timestamp":"2019-04-04T19:17:44.275Z"}
{"level":"info","message":"a","timestamp":"2019-04-04T19:17:44.653Z"}
{"level":"info","message":"a","timestamp":"2019-04-04T19:18:00.987Z"}
{"level":"info","message":"a","timestamp":"2019-04-04T19:18:01.281Z"}
{"level":"info","message":"a","timestamp":"2019-04-04T19:18:22.119Z"}
{"level":"info","message":"a","timestamp":"2019-04-04T19:18:38.897Z"}
{"level":"info","message":"a","timestamp":"2019-04-04T19:18:39.282Z"}
{"level":"info","message":"aditya","timestamp":"2019-04-04T19:19:16.855Z"}
{"level":"info","message":"aditya","timestamp":"2019-04-04T19:19:27.882Z"}
{"level":"info","message":"aditya","timestamp":"2019-04-04T19:19:40.440Z"}
{"level":"info","message":"aditya","timestamp":"2019-04-04T19:19:45.623Z"}
{"level":"info","message":"aditya","timestamp":"2019-04-04T19:19:47.738Z"}
{"level":"info","message":"aditya","timestamp":"2019-04-04T19:19:56.763Z"}
{"level":"info","message":"aditya","timestamp":"2019-04-04T19:19:58.469Z"}
{"level":"info","message":"aditya","timestamp":"2019-04-04T19:19:58.958Z"}
{"level":"info","message":"aditya","timestamp":"2019-04-04T19:19:59.393Z"}
{"level":"info","message":"aditya","timestamp":"2019-04-04T19:19:59.948Z"}
{"level":"info","message":"aditya","timestamp":"2019-04-04T19:20:01.163Z"}
{"level":"info","message":"aditya","timestamp":"2019-04-04T19:20:18.649Z"}
{"level":"info","message":"aditya","timestamp":"2019-04-04T19:20:40.035Z"}
{"level":"info","message":"aditya","timestamp":"2019-04-04T19:21:12.752Z"}
{"level":"info","message":"aditya","timestamp":"2019-04-04T19:21:15.865Z"}
{"level":"info","message":"aditya","timestamp":"2019-04-04T19:22:21.353Z"}
{"level":"info","message":"aditya","timestamp":"2019-04-04T19:22:26.150Z"}
{"level":"info","message":"aditya","timestamp":"2019-04-04T19:22:40.830Z"}
{"level":"info","message":"aditya","timestamp":"2019-04-04T19:22:41.076Z"}
{"level":"info","message":"aditya","timestamp":"2019-04-04T19:23:14.530Z"}
{"level":"info","message":"aditya","timestamp":"2019-04-04T19:23:14.893Z"}
{"level":"info","message":"aditya","timestamp":"2019-04-04T19:24:23.783Z"}
{"level":"info","message":"aditya","timestamp":"2019-04-04T19:24:24.162Z"}
{"level":"info","message":"aditya","timestamp":"2019-04-04T19:24:37.439Z"}
{"level":"info","message":"aditya","timestamp":"2019-04-04T19:24:48.495Z"}
{"level":"info","message":"aditya","timestamp":"2019-04-04T19:24:48.853Z"}
{"level":"info","message":"aditya","timestamp":"2019-04-04T19:25:00.071Z"}
{"level":"info","message":"aditya","timestamp":"2019-04-04T19:25:14.183Z"}
{"level":"info","message":"aditya","timestamp":"2019-04-04T19:25:14.547Z"}
{"level":"info","message":"aditya","timestamp":"2019-04-04T19:25:23.454Z"}
{"level":"info","message":"aditya","timestamp":"2019-04-04T19:25:25.209Z"}
{"level":"info","message":"aditya","timestamp":"2019-04-04T19:25:28.408Z"}
{"level":"info","message":"aditya","timestamp":"2019-04-04T19:25:36.173Z"}
{"level":"info","message":"aditya","timestamp":"2019-04-04T19:25:41.145Z"}
{"level":"info","message":"aditya","timestamp":"2019-04-04T19:26:09.518Z"}
{"level":"info","message":"aditya","timestamp":"2019-04-04T19:26:17.383Z"}
{"level":"info","message":"aditya","timestamp":"2019-04-04T19:26:26.241Z"}
{"level":"info","message":"aditya","timestamp":"2019-04-04T19:26:29.457Z"}
{"level":"info","message":"aditya","timestamp":"2019-04-04T19:27:28.298Z"}
{"level":"info","message":"aditya","timestamp":"2019-04-04T19:27:28.712Z"}
{"level":"info","message":"aditya","timestamp":"2019-04-04T19:27:40.216Z"}
{"level":"info","message":"aditya","timestamp":"2019-04-04T19:28:12.456Z"}
{"level":"info","message":"aditya","timestamp":"2019-04-04T19:28:21.259Z"}
{"level":"info","message":"aditya","timestamp":"2019-04-04T19:28:48.137Z"}
{"level":"info","message":"aditya","timestamp":"2019-04-04T19:28:53.813Z"}
{"level":"info","message":"aditya","timestamp":"2019-04-04T19:28:57.033Z"}
{"level":"info","message":"aditya","timestamp":"2019-04-04T19:28:58.510Z"}
{"level":"info","message":"aditya","timestamp":"2019-04-04T19:29:00.583Z"}
{"level":"info","message":"aditya","timestamp":"2019-04-04T19:29:02.531Z"}
{"level":"info","message":"aditya","timestamp":"2019-04-04T19:41:16.576Z"}
{"level":"info","message":"aditya","timestamp":"2019-04-04T19:41:18.988Z"}
{"$__":{"strictMode":true,"getters":{},"_id":{"_bsontype":"ObjectID","id":{"0":92,"1":166,"2":94,"3":8,"4":3,"5":34,"6":142,"7":5,"8":220,"9":162,"10":127,"11":252}},"wasPopulated":false,"activePaths":{"paths":{"p_imp":"modify","_id":"default","fname":"modify","p_title":"modify","p_body":"modify"},"states":{"ignore":{},"default":{"_id":true},"init":{},"modify":{"fname":true,"p_title":true,"p_body":true,"p_imp":true},"require":{}},"stateNames":["require","modify","init","default","ignore"]},"pathsToScopes":{"p_imp":{"$ref":"$"}},"cachedRequired":{},"session":null,"emitter":{"_events":{},"_eventsCount":0,"_maxListeners":0},"$options":{}},"isNew":true,"_doc":{"p_imp":[],"_id":{"$ref":"$[\"$__\"][\"_id\"]"},"fname":"aditya","p_title":"sfaf","p_body":"fsdfdgr"},"level":"info","message":"","timestamp":"2019-04-04T19:42:00.915Z"}
{"level":"info","message":"everything fine.","timestamp":"2019-04-04T19:42:00.923Z"}
{"level":"info","message":"aditya","timestamp":"2019-04-04T19:42:01.848Z"}
{"level":"info","message":"aditya","timestamp":"2019-04-04T19:42:09.433Z"}
{"level":"info","message":"aditya","timestamp":"2019-04-04T19:42:39.845Z"}
{"level":"info","message":"aditya","timestamp":"2019-04-04T19:44:04.644Z"}
{"level":"info","message":"aditya","timestamp":"2019-04-04T19:44:07.457Z"}
{"level":"info","message":"aditya","timestamp":"2019-04-04T19:44:07.667Z"}
{"level":"info","message":"aditya","timestamp":"2019-04-04T19:44:07.854Z"}
{"level":"info","message":"aditya","timestamp":"2019-04-04T19:44:08.019Z"}
{"level":"info","message":"aditya","timestamp":"2019-04-04T19:44:08.345Z"}
{"level":"info","message":"aditya","timestamp":"2019-04-04T19:44:08.850Z"}
{"level":"info","message":"server is running @loacalhost: 3000","timestamp":"2019-04-04T20:03:54.816Z"}
{"level":"info","message":"server is running @loacalhost: 3000","timestamp":"2019-05-01T19:34:45.123Z"}
{"level":"info","message":"Database connected!!","timestamp":"2019-05-01T19:34:46.215Z"}
{"level":"info","message":"a","timestamp":"2019-05-01T19:39:12.262Z"}
{"level":"info","message":"a","timestamp":"2019-05-01T19:39:14.010Z"}
{"level":"info","message":"a","timestamp":"2019-05-01T19:39:35.340Z"}
{"$__":{"strictMode":true,"getters":{},"_id":{"_bsontype":"ObjectID","id":{"0":92,"1":201,"2":246,"3":14,"4":76,"5":23,"6":40,"7":50,"8":172,"9":111,"10":240,"11":185}},"wasPopulated":false,"activePaths":{"paths":{"p_imp":"modify","_id":"default","fname":"modify","p_title":"modify","p_body":"modify"},"states":{"ignore":{},"default":{"_id":true},"init":{},"modify":{"fname":true,"p_title":true,"p_body":true,"p_imp":true},"require":{}},"stateNames":["require","modify","init","default","ignore"]},"pathsToScopes":{"p_imp":{"$ref":"$"}},"cachedRequired":{},"session":null,"emitter":{"_events":{},"_eventsCount":0,"_maxListeners":0},"$options":{}},"isNew":true,"_doc":{"p_imp":[],"_id":{"$ref":"$[\"$__\"][\"_id\"]"},"fname":"a","p_title":"dhaval","p_body":"dhaval @marlabs"},"level":"info","message":"","timestamp":"2019-05-01T19:39:58.026Z"}
{"level":"info","message":"everything fine.","timestamp":"2019-05-01T19:39:58.064Z"}
{"level":"info","message":"a","timestamp":"2019-05-01T19:39:59.424Z"}
{"level":"info","message":"a","timestamp":"2019-05-01T19:40:06.521Z"}
{"level":"info","message":"a","timestamp":"2019-05-01T19:40:19.592Z"}
{"level":"info","message":"a","timestamp":"2019-05-01T19:40:32.471Z"}
{"level":"info","message":"a","timestamp":"2019-05-01T19:40:41.758Z"}
{"level":"info","message":"a","timestamp":"2019-05-01T19:40:54.814Z"}
{"level":"info","message":"a","timestamp":"2019-05-01T19:40:56.194Z"}
{"level":"info","message":"a","timestamp":"2019-05-01T19:40:58.487Z"}
{"level":"info","message":"a","timestamp":"2019-05-01T19:40:58.903Z"}
{"level":"info","message":"a","timestamp":"2019-05-01T19:40:59.250Z"}
{"level":"info","message":"a","timestamp":"2019-05-01T19:40:59.558Z"}
{"level":"info","message":"a","timestamp":"2019-05-01T19:41:01.377Z"}
{"level":"info","message":"a","timestamp":"2019-05-01T19:44:12.393Z"}
{"level":"info","message":"a","timestamp":"2019-05-01T19:44:27.993Z"}
{"level":"info","message":"a","timestamp":"2019-05-01T19:45:10.767Z"}
{"level":"info","message":"utj","timestamp":"2019-05-01T19:48:48.096Z"}
{"level":"info","message":"utj","timestamp":"2019-05-01T19:48:53.191Z"}
{"level":"info","message":"a","timestamp":"2019-05-01T19:54:08.178Z"}
{"level":"info","message":"a","timestamp":"2019-05-01T19:54:15.207Z"}
{"level":"info","message":"a","timestamp":"2019-05-01T19:54:25.553Z"}
{"level":"info","message":"a","timestamp":"2019-05-01T19:54:32.470Z"}
{"level":"info","message":"a","timestamp":"2019-05-01T19:54:39.440Z"}
{"level":"info","message":"a","timestamp":"2019-05-01T19:54:58.166Z"}
{"level":"info","message":"a","timestamp":"2019-05-01T19:55:01.731Z"}
{"level":"info","message":"a","timestamp":"2019-05-01T19:55:09.344Z"}
{"level":"info","message":"a","timestamp":"2019-05-01T19:55:17.476Z"}
{"level":"info","message":"server is running @loacalhost: 3000","timestamp":"2019-05-02T15:28:09.870Z"}
{"level":"info","message":"server is running @loacalhost: 3000","timestamp":"2019-05-15T15:45:45.657Z"}
{"level":"info","message":"Database connected!!","timestamp":"2019-05-15T15:45:46.880Z"}
{"level":"info","message":"a","timestamp":"2019-05-15T15:48:15.807Z"}
{"level":"info","message":"k","timestamp":"2019-05-15T15:48:52.360Z"}
{"level":"info","message":"k","timestamp":"2019-05-15T15:48:54.914Z"}
{"level":"info","message":"a","timestamp":"2019-05-15T15:49:01.989Z"}
{"$__":{"strictMode":true,"getters":{},"_id":{"_bsontype":"ObjectID","id":{"0":92,"1":220,"2":53,"3":4,"4":100,"5":100,"6":88,"7":35,"8":148,"9":20,"10":169,"11":60}},"wasPopulated":false,"activePaths":{"paths":{"p_imp":"modify","_id":"default","fname":"modify","p_title":"modify","p_body":"modify"},"states":{"ignore":{},"default":{"_id":true},"init":{},"modify":{"fname":true,"p_title":true,"p_body":true,"p_imp":true},"require":{}},"stateNames":["require","modify","init","default","ignore"]},"pathsToScopes":{"p_imp":{"$ref":"$"}},"cachedRequired":{},"session":null,"emitter":{"_events":{},"_eventsCount":0,"_maxListeners":0},"$options":{}},"isNew":true,"_doc":{"p_imp":[],"_id":{"$ref":"$[\"$__\"][\"_id\"]"},"fname":"k","p_title":"hey check","p_body":"checking for new requirement"},"level":"info","message":"","timestamp":"2019-05-15T15:49:24.690Z"}
{"level":"info","message":"everything fine.","timestamp":"2019-05-15T15:49:24.774Z"}
{"level":"info","message":"k","timestamp":"2019-05-15T15:49:25.635Z"}
{"level":"info","message":"a","timestamp":"2019-05-15T15:50:07.977Z"}
{"level":"info","message":"a","timestamp":"2019-05-15T15:51:43.984Z"}
{"level":"info","message":"a","timestamp":"2019-05-15T15:52:16.939Z"}
{"level":"info","message":"server is running @loacalhost: 3000","timestamp":"2019-05-17T18:31:23.049Z"}
{"level":"info","message":"Database connected!!","timestamp":"2019-05-17T18:31:24.235Z"}
{"level":"info","message":"a","timestamp":"2019-05-17T18:32:02.807Z"}
{"level":"info","message":"a","timestamp":"2019-05-17T18:32:04.213Z"}
